C51 COMPILER V9.52.0.0   LCD1602                                                           10/30/2016 15:46:58 PAGE 1   


C51 COMPILER V9.52.0.0, COMPILATION OF MODULE LCD1602
OBJECT MODULE PLACED IN .\lcd1602.obj
COMPILER INVOKED BY: C:\Keil\C51\BIN\C51.EXE ..\lcd1602.c BROWSE INCDIR(..\..\lcd1602) DEBUG OBJECTEXTEND TABS(2) OBJECT
                    -(.\lcd1602.obj)

line level    source

   1          //1602的初始化及写命令、写数据、读控制字、读数据程序探究
   2          #include <reg51.h>
   3          #include "lcd1602.h"
   4          
   5          
   6          
   7          void delay1ms(unsigned int t)   
   8          {
   9   1        unsigned char a=0,b=0,c=0;
  10   1        while(t--)
  11   1        {
  12   2          for(c=1;c>0;c--)
  13   2            for(b=142;b>0;b--)
  14   2              for(a=2;a>0;a--);
  15   2        }
  16   1      }
  17          
  18          void lcd1602_writecommand(const unsigned char Wcommand)
  19          {
  20   1        LCD1602_RS = 0;
  21   1        LCD1602_RW = 0;
  22   1        LCD1602_E = 0;
  23   1        DATAPORT = Wcommand;
  24   1        delay1ms(2);
  25   1        LCD1602_E = 1;  //LCD1602_E高脉冲
  26   1        delay1ms(5);
  27   1        LCD1602_E = 0;
  28   1      }
  29          
  30          void lcd1602_writedata(const unsigned char Wdata)
  31          {
  32   1        LCD1602_RS = 1;
  33   1        LCD1602_RW = 0;
  34   1        LCD1602_E = 0;
  35   1        DATAPORT = Wdata;
  36   1        delay1ms(2);
  37   1        LCD1602_E = 1;  //LCD1602_E高脉冲
  38   1        delay1ms(5);
  39   1        LCD1602_E = 0;
  40   1      }
  41          
  42          void lcd1602_init(void)
  43          {
  44   1        lcd1602_writecommand(0x38);
  45   1        lcd1602_writecommand(0x08);  //关闭显示
  46   1        lcd1602_writecommand(0x01);
  47   1        lcd1602_writecommand(0x06);
  48   1        lcd1602_writecommand(0x0c);
  49   1        lcd1602_writecommand(0xC0);
  50   1      }
  51          
  52          
  53          void show_line(bit line, const unsigned char *str)
  54          {
C51 COMPILER V9.52.0.0   LCD1602                                                           10/30/2016 15:46:58 PAGE 2   

  55   1          if(0 == line)
  56   1            lcd1602_writecommand(0x80);            
  57   1          else
  58   1            lcd1602_writecommand(0xc0);
  59   1          while(*str != '\0')
  60   1          {
  61   2              lcd1602_writedata(*str);
  62   2              str++;
  63   2          }
  64   1      }
  65          


MODULE INFORMATION:   STATIC OVERLAYABLE
   CODE SIZE        =    140    ----
   CONSTANT SIZE    =   ----    ----
   XDATA SIZE       =   ----    ----
   PDATA SIZE       =   ----    ----
   DATA SIZE        =   ----       3
   IDATA SIZE       =   ----    ----
   BIT SIZE         =   ----       1
END OF MODULE INFORMATION.


C51 COMPILATION COMPLETE.  0 WARNING(S),  0 ERROR(S)
