C51 COMPILER V9.52.0.0   MAIN                                                              11/02/2016 17:54:46 PAGE 1   


C51 COMPILER V9.52.0.0, COMPILATION OF MODULE MAIN
OBJECT MODULE PLACED IN .\main.obj
COMPILER INVOKED BY: C:\Keil\C51\BIN\C51.EXE ..\main.c BROWSE INCDIR(..\..\4方矩阵键盘;..\..\lcd1602) DEBUG OBJECTEXTEND
                    - TABS(2) OBJECT(.\main.obj)

line level    source

   1          /*
   2            NAME: main.c
   3            DATE: 2016.10.29
   4            AUTHOR: 牛亚
   5            E-MAIL: niuyabeng@126.com
   6          */
   7          
   8          /*
   9            说明:
  10              这个程序用来测试key.c和key.h
  11              
  12            测试平台:STC90C516RD+ 、晶振11.0592MHz。
  13          */
  14          
  15          #include <reg51.h>
  16          #include "key.h"
  17          #include "lcd1602.h"
  18          #include <string.h>
  19          
  20          
  21          #define LED P1
  22          sbit LED0 = P1^0;
  23          sbit LED1 = P1^1;
  24          sbit LED2 = P1^2;
  25          sbit LED3 = P1^3;
  26          sbit LED4 = P1^4;
  27          sbit LED5 = P1^5;
  28          sbit LED6 = P1^6;
  29          sbit LED7 = P1^7;
  30          
  31          
  32          u8 code keyboard[4][4] = {'1','2','3','+','4','5','6','-','7','8','9','/','*','0','#','='};
  33          
  34          void InitT0(void);
  35          void str(char *str,char c);
  36          
  37          static unsigned char cnt = 0;
  38          
  39          void main(void)
  40          {
  41   1        u8 mode = 0;
  42   1        u8 line = 0,column = 0;
  43   1        char strtemp[16] = "\0";
  44   1        LED = 0xff;
  45   1        InitT0();
  46   1        lcd1602_init();
  47   1        while(1)
  48   1        {
  49   2          /*
  50   2          show_line(0,arry);
  51   2          show_line(1,arry);
  52   2          */
  53   2          
  54   2          /*
C51 COMPILER V9.52.0.0   MAIN                                                              11/02/2016 17:54:46 PAGE 2   

  55   2          if(is_key_down(&line,&column))
  56   2            LED = 0x00;
  57   2          else LED = 0XFF;
  58   2          */
  59   2          
  60   2          
  61   2          mode = key_mode_value(&line,&column);
  62   2          switch(mode)
  63   2          {
  64   3            case MODE_NONECLICK:
  65   3            {
  66   4              //LED = 0xff;
  67   4              break; 
  68   4            }     
  69   3            case MODE_ONECLICK:
  70   3            {
  71   4              /*
  72   4              str(strtemp,keyboard[line-1][column-1]);
  73   4              lcd1602_writecommand(0x01);
  74   4              show_line(0,"one click:");
  75   4              show_line(1,strtemp); */
  76   4              
  77   4              
  78   4              LED0 = 0;
  79   4              delay1ms(200);
  80   4              LED0 = 1;
  81   4              delay1ms(200); 
  82   4              break;
  83   4            }
  84   3            case MODE_DBCLICK:
  85   3            {
  86   4              /*
  87   4              lcd1602_writecommand(0x01);
  88   4              show_line(0,"double click:"); 
  89   4              memset(strtemp,0,16);
  90   4              cnt = 0;*/
  91   4              
  92   4              LED4 = 0;
  93   4              delay1ms(200);
  94   4              LED4 = 1;
  95   4              delay1ms(200);
  96   4              LED4 = 0;
  97   4              delay1ms(200);
  98   4              LED4 = 1;
  99   4              delay1ms(200); 
 100   4              
 101   4              break;
 102   4            }
 103   3            case MODE_HOLD:
 104   3            {
 105   4              /*
 106   4              lcd1602_writecommand(0x01);
 107   4              show_line(0,"holdkey:");      
 108   4              memset(strtemp,0,16);
 109   4              cnt = 0;*/
 110   4              
 111   4              LED7 = 0;
 112   4              delay1ms(2000);
 113   4              LED7 = 1;
 114   4              delay1ms(200); 
 115   4              break;
 116   4            }
C51 COMPILER V9.52.0.0   MAIN                                                              11/02/2016 17:54:46 PAGE 3   

 117   3            default: break;
 118   3          }
 119   2          
 120   2        }
 121   1      }
 122          
 123          void str(char *str,char c)
 124          {
 125   1        if(cnt<=15)
 126   1        {
 127   2          *(str+cnt) = c;
 128   2          cnt++;
 129   2        }
 130   1        else
 131   1        {
 132   2          cnt = 0;
 133   2          memset(str,0,16);
 134   2          *(str+cnt) = c;
 135   2          cnt++;
 136   2        }
 137   1      }
 138          
 139          
 140          void InitT0(void)   
 141          {
 142   1          TMOD = 0x01;
 143   1          TH0 = 0x0FC;
 144   1          TL0 = 0x18;
 145   1          EA = 1;
 146   1          ET0 = 1;
 147   1          TR0 = 1;
 148   1      }
 149          
 150          void Timer0Interrupt(void) interrupt 1
 151          {
 152   1          TH0 = 0xFC;
 153   1          TL0 = 0x18;
 154   1        t_flag_count_up();
 155   1      }
 156          


MODULE INFORMATION:   STATIC OVERLAYABLE
   CODE SIZE        =    271    ----
   CONSTANT SIZE    =     32    ----
   XDATA SIZE       =   ----    ----
   PDATA SIZE       =   ----    ----
   DATA SIZE        =      1      23
   IDATA SIZE       =   ----    ----
   BIT SIZE         =   ----    ----
END OF MODULE INFORMATION.


C51 COMPILATION COMPLETE.  0 WARNING(S),  0 ERROR(S)
